--------------------------------------------------------------------------------------------------
      name:  <unnamed>
       log:  C:\Users\Nijo\Desktop\stata12\Stata12\finalwork.log
  log type:  text
 opened on:  26 Feb 2015, 17:27:44

. import excel "C:\Users\Nijo\Desktop\BRCis BENEFICIARIES BASELINE_data_2015_01_16_8_58_46-StataIm
> port.xlsx", sheet("BRCis BENEFICIARIES BASELINE_da") firstrow

. histogram CSI_IDP_urban
(bin=29, start=0, width=6.8965517)

. . graph save Graph "C:\Users\Nijo\Desktop\ONA\histogram CSI IDP URBAN.gph"
(file C:\Users\Nijo\Desktop\ONA\histogram CSI IDP URBAN.gph saved)

. brow CSIScore CSI_IDP_urban

. . sum  CSIScore CSI_IDP_urban

    Variable |       Obs        Mean    Std. Dev.       Min        Max
-------------+--------------------------------------------------------
    CSIScore |         0
CSI_IDP_ur~n |       905    58.38343    42.14771          0        200

. .  drop CSIScore

. .  drop CSI_Reduced

. .   gen CSI_Reduced= Shifttolesspreferredlowqua*1+ Borrowfoodoncreditfromanoth*2 + Limittheporti
> on

. .  histogram CSI_Reduced
(bin=29, start=0, width=.75862069)

. save "C:\Users\Nijo\Desktop\ONA\Histogram CSI reduced.gph"
file C:\Users\Nijo\Desktop\ONA\Histogram CSI reduced.gph saved

. . encode FoodConsumptionScore, generate (FoodConsumptionScore2)

. . histogram FoodConsumptionScore2
(bin=29, start=1, width=3.4482759)

. graph save Graph "C:\Users\Nijo\Desktop\ONA\Histogram FCS.gph"
(file C:\Users\Nijo\Desktop\ONA\Histogram FCS.gph saved)

. gen fcs_MainStaple=Cerealsandcerealproducts+Whiterootsandtubers

. replace fcs_MainStaple=7 if fcs_MainStaple>7
(25 real changes made)

. . gen fcs_Veg=Darkgreenleafyvegetables+VitaminArichfruits+Othervegetables

. . replace fcs_Veg=7 if fcs_Veg>7
(69 real changes made)

. . gen fcs_Meat=Fish+MeatandPoultry+Organmeat+Eggs

. .  replace fcs_Meat=7 if fcs_Meat>7
(23 real changes made)

. . replace fcs_Category="Borderline" if fcs>21 & fcs<=35
(0 real changes made)

. . replace fcs_Category="Acceptable" if fcs>21 & fcs>35
(0 real changes made)

. . tab fcs_Category

fcs_Categor |
          y |      Freq.     Percent        Cum.
------------+-----------------------------------
 Acceptable |        470       49.68       49.68
 Borderline |        200       21.14       70.82
       Poor |        276       29.18      100.00
------------+-----------------------------------
      Total |        946      100.00

. . gen fcs_err = fcs_Category!=fcs_Category

. bro Cerealsandcerealproducts Milkandmilkproducts VitaminArichvegetablesandtu Darkgreenleafyveget
> ables Othervegetables VitaminArichfruits Otherfruit Organmeat MeatandPoultry Eggs Fish Legumesnu
> tsandseeds Whiterootsandtubers OilsandFats Sweets CoffeeteaandSpices FoodConsumptionScore fcs if
>  fcs_err==1

. rename EJ ED

. .  rename EL EF

. rename EM EG

. rename EN EH

. rename EO EI

. rename EP EJ

. rename EK EE

. rename EQ EK

. rename ER EL

. rename ES EM

. rename ET EN

. rename EU EO

. rename EV EP

. rename EW EQ

. rename EX ER

. rename EY ES

. . gen dd_cereals=ED=="Yes"

. . gen dd_wtubers=EP=="Yes"

. . gen dd_veg=EF=="Yes" | EG=="Yes" | EH=="Yes"

. . gen dd_fruits=EI=="Yes" | EJ=="Yes"

. . gen dd_meat=EK=="Yes" | EL=="Yes"

. . gen dd_eggs=EM=="Yes"

. . gen dd_fish=EN=="Yes"

. . gen dd_legumes=EO=="Yes"

. . gen dd_milk=EE=="Yes"

. . gen dd_oil=EQ=="Yes"

. . gen dd_sweets=ER=="Yes"

. . gen dd_spices=ES=="Yes"

. egen hdds=rowtotal( dd_cereals dd_wtubers dd_veg dd_fruits dd_meat dd_eggs dd_fish dd_legumes dd
> _milk dd_oil dd_sweets dd_spices)

. . sum hdds DietaryDiversityScore

    Variable |       Obs        Mean    Std. Dev.       Min        Max
-------------+--------------------------------------------------------
        hdds |       946      5.9926    2.032786          0         12
DietaryDiv~e |         0

. . encode  DietaryDiversityScore, generate ( DietaryDiversityScore2)

. . drop  DietaryDiversityScore2

. log close
      name:  <unnamed>
       log:  C:\Users\Nijo\Desktop\stata12\Stata12\finalwork.log
  log type:  text
 closed on:  26 Feb 2015, 17:28:40
--------------------------------------------------------------------------------------------------
